app/build/outputs/logs/manifest-merger-debug-report.txt
-- Merging decision tree log ---
manifest
ADDED from src/main/AndroidManifest.xml:2:1-34:12
INJECTED from src/main/AndroidManifest.xml:2:1-34:12
INJECTED from src/main/AndroidManifest.xml:2:1-34:12
INJECTED from src/main/AndroidManifest.xml:2:1-34:12
MERGED from [com.squareup.leakcanary:leakcanary-android:2.0-beta-3] AndroidManifest.xml:17:1-32:12
MERGED from [androidx.constraintlayout:constraintlayout:2.0.0-beta3] AndroidManifest.xml:2:1-11:12
MERGED from [com.google.android.material:material:1.2.0-alpha01] AndroidManifest.xml:17:1-24:12
MERGED from [androidx.appcompat:appcompat:1.1.0] AndroidManifest.xml:17:1-24:12
MERGED from [androidx.lifecycle:lifecycle-extensions:2.2.0-rc01] AndroidManifest.xml:17:1-27:12
MERGED from [androidx.viewpager2:viewpager2:1.0.0-beta05] AndroidManifest.xml:17:1-24:12
MERGED from [androidx.fragment:fragment:1.2.0-rc01] AndroidManifest.xml:17:1-24:12
MERGED from [androidx.core:core-ktx:1.2.0-beta02] AndroidManifest.xml:2:1-9:12
MERGED from [com.github.woxthebox:draglistview:1.6.6] AndroidManifest.xml:17:1-26:12
MERGED from [androidx.recyclerview:recyclerview:1.1.0-rc01] AndroidManifest.xml:17:1-24:12
MERGED from [androidx.gridlayout:gridlayout:1.0.0] AndroidManifest.xml:17:1-22:12
MERGED from [io.reactivex.rxjava2:rxandroid:2.1.1] AndroidManifest.xml:15:1-20:12
MERGED from [com.facebook.stetho:stetho-okhttp3:1.5.1] AndroidManifest.xml:2:1-13:12
MERGED from [androidx.lifecycle:lifecycle-viewmodel-ktx:2.2.0-rc01] AndroidManifest.xml:17:1-24:12
MERGED from [androidx.legacy:legacy-support-core-ui:1.0.0] AndroidManifest.xml:17:1-22:12
MERGED from [androidx.legacy:legacy-support-core-utils:1.0.0] AndroidManifest.xml:17:1-22:12
MERGED from [androidx.loader:loader:1.0.0] AndroidManifest.xml:17:1-22:12
MERGED from [androidx.lifecycle:lifecycle-livedata:2.2.0-rc01] AndroidManifest.xml:17:1-24:12
MERGED from [com.squareup.leakcanary:leakcanary-android-core:2.0-beta-3] AndroidManifest.xml:17:1-72:12
MERGED from [com.squareup.leakcanary:leakcanary-object-watcher-android-androidx:2.0-beta-3] AndroidManifest.xml:2:1-7:12
MERGED from [com.squareup.leakcanary:leakcanary-object-watcher-android:2.0-beta-3] AndroidManifest.xml:2:1-14:12
MERGED from [androidx.cursoradapter:cursoradapter:1.0.0] AndroidManifest.xml:17:1-22:12
MERGED from [androidx.appcompat:appcompat-resources:1.1.0] AndroidManifest.xml:17:1-24:12
MERGED from [androidx.drawerlayout:drawerlayout:1.0.0] AndroidManifest.xml:17:1-22:12
MERGED from [androidx.viewpager:viewpager:1.0.0] AndroidManifest.xml:17:1-22:12
MERGED from [androidx.activity:activity:1.1.0-rc01] AndroidManifest.xml:17:1-24:12
MERGED from [androidx.coordinatorlayout:coordinatorlayout:1.1.0-beta01] AndroidManifest.xml:17:1-24:12
MERGED from [androidx.slidingpanelayout:slidingpanelayout:1.0.0] AndroidManifest.xml:17:1-22:12
MERGED from [androidx.customview:customview:1.0.0] AndroidManifest.xml:17:1-22:12
MERGED from [androidx.transition:transition:1.2.0] AndroidManifest.xml:17:1-24:12
MERGED from [androidx.vectordrawable:vectordrawable-animated:1.1.0] AndroidManifest.xml:17:1-24:12
MERGED from [androidx.vectordrawable:vectordrawable:1.1.0] AndroidManifest.xml:17:1-24:12
MERGED from [androidx.swiperefreshlayout:swiperefreshlayout:1.0.0] AndroidManifest.xml:17:1-22:12
MERGED from [androidx.asynclayoutinflater:asynclayoutinflater:1.0.0] AndroidManifest.xml:17:1-22:12
MERGED from [androidx.core:core:1.2.0-beta02] AndroidManifest.xml:17:1-26:12
MERGED from [androidx.versionedparcelable:versionedparcelable:1.1.0] AndroidManifest.xml:17:1-27:12
MERGED from [androidx.lifecycle:lifecycle-viewmodel-savedstate:1.0.0-rc01] AndroidManifest.xml:17:1-24:12
MERGED from [androidx.lifecycle:lifecycle-viewmodel:2.2.0-rc01] AndroidManifest.xml:17:1-24:12
MERGED from [androidx.cardview:cardview:1.0.0] AndroidManifest.xml:17:1-22:12
MERGED from [com.facebook.stetho:stetho:1.5.1] AndroidManifest.xml:2:1-13:12
MERGED from [androidx.lifecycle:lifecycle-process:2.2.0-rc01] AndroidManifest.xml:17:1-32:12
MERGED from [androidx.lifecycle:lifecycle-service:2.2.0-rc01] AndroidManifest.xml:17:1-24:12
MERGED from [androidx.lifecycle:lifecycle-runtime:2.2.0-rc01] AndroidManifest.xml:17:1-24:12
MERGED from [androidx.lifecycle:lifecycle-livedata-core:2.2.0-rc01] AndroidManifest.xml:17:1-24:12
MERGED from [androidx.arch.core:core-runtime:2.1.0] AndroidManifest.xml:17:1-24:12
MERGED from [androidx.savedstate:savedstate:1.0.0] AndroidManifest.xml:17:1-24:12
MERGED from [androidx.interpolator:interpolator:1.0.0] AndroidManifest.xml:17:1-22:12
MERGED from [androidx.documentfile:documentfile:1.0.0] AndroidManifest.xml:17:1-22:12
MERGED from [androidx.localbroadcastmanager:localbroadcastmanager:1.0.0] AndroidManifest.xml:17:1-22:12
MERGED from [androidx.print:print:1.0.0] AndroidManifest.xml:17:1-22:12
INJECTED from src/main/AndroidManifest.xml:2:1-34:12
INJECTED from src/main/AndroidManifest.xml:2:1-34:12
INJECTED from src/main/AndroidManifest.xml:2:1-34:12
	package
		ADDED from src/main/AndroidManifest.xml:3:11-38
		INJECTED from src/main/AndroidManifest.xml
		INJECTED from src/main/AndroidManifest.xml
	android:versionName
		INJECTED from src/main/AndroidManifest.xml
		ADDED from src/main/AndroidManifest.xml:2:1-34:12
		INJECTED from src/main/AndroidManifest.xml
	android:versionCode
		INJECTED from src/main/AndroidManifest.xml
		ADDED from src/main/AndroidManifest.xml:2:1-34:12
		INJECTED from src/main/AndroidManifest.xml
	xmlns:android
		ADDED from src/main/AndroidManifest.xml:2:11-69
uses-permission#android.permission.INTERNET
ADDED from src/main/AndroidManifest.xml:5:5-66
	android:name
		ADDED from src/main/AndroidManifest.xml:5:22-64
application
ADDED from src/main/AndroidManifest.xml:7:5-32:19
MERGED from [com.squareup.leakcanary:leakcanary-android:2.0-beta-3] AndroidManifest.xml:22:5-30:19
MERGED from [com.squareup.leakcanary:leakcanary-android:2.0-beta-3] AndroidManifest.xml:22:5-30:19
MERGED from [androidx.constraintlayout:constraintlayout:2.0.0-beta3] AndroidManifest.xml:9:5-20
MERGED from [androidx.constraintlayout:constraintlayout:2.0.0-beta3] AndroidManifest.xml:9:5-20
MERGED from [com.google.android.material:material:1.2.0-alpha01] AndroidManifest.xml:22:5-20
MERGED from [com.google.android.material:material:1.2.0-alpha01] AndroidManifest.xml:22:5-20
MERGED from [androidx.lifecycle:lifecycle-extensions:2.2.0-rc01] AndroidManifest.xml:24:5-25:19
MERGED from [androidx.lifecycle:lifecycle-extensions:2.2.0-rc01] AndroidManifest.xml:24:5-25:19
MERGED from [com.facebook.stetho:stetho-okhttp3:1.5.1] AndroidManifest.xml:11:5-20
MERGED from [com.facebook.stetho:stetho-okhttp3:1.5.1] AndroidManifest.xml:11:5-20
MERGED from [com.squareup.leakcanary:leakcanary-android-core:2.0-beta-3] AndroidManifest.xml:28:5-70:19
MERGED from [com.squareup.leakcanary:leakcanary-android-core:2.0-beta-3] AndroidManifest.xml:28:5-70:19
MERGED from [com.squareup.leakcanary:leakcanary-object-watcher-android:2.0-beta-3] AndroidManifest.xml:7:5-12:19
MERGED from [com.squareup.leakcanary:leakcanary-object-watcher-android:2.0-beta-3] AndroidManifest.xml:7:5-12:19
MERGED from [androidx.core:core:1.2.0-beta02] AndroidManifest.xml:24:5-89
MERGED from [androidx.core:core:1.2.0-beta02] AndroidManifest.xml:24:5-89
MERGED from [androidx.versionedparcelable:versionedparcelable:1.1.0] AndroidManifest.xml:24:5-25:19
MERGED from [androidx.versionedparcelable:versionedparcelable:1.1.0] AndroidManifest.xml:24:5-25:19
MERGED from [com.facebook.stetho:stetho:1.5.1] AndroidManifest.xml:11:5-20
MERGED from [com.facebook.stetho:stetho:1.5.1] AndroidManifest.xml:11:5-20
MERGED from [androidx.lifecycle:lifecycle-process:2.2.0-rc01] AndroidManifest.xml:24:5-30:19
MERGED from [androidx.lifecycle:lifecycle-process:2.2.0-rc01] AndroidManifest.xml:24:5-30:19
	android:appComponentFactory
		ADDED from [androidx.core:core:1.2.0-beta02] AndroidManifest.xml:24:18-86
	android:supportsRtl
		ADDED from src/main/AndroidManifest.xml:13:13-39
	android:label
		ADDED from src/main/AndroidManifest.xml:11:13-34
	android:roundIcon
		ADDED from src/main/AndroidManifest.xml:12:13-58
	android:icon
		ADDED from src/main/AndroidManifest.xml:10:13-47
	android:allowBackup
		ADDED from src/main/AndroidManifest.xml:9:13-39
	android:theme
		ADDED from src/main/AndroidManifest.xml:14:13-44
	android:name
		ADDED from src/main/AndroidManifest.xml:8:13-43
activity#com.ace.homework2.MainActivity
ADDED from src/main/AndroidManifest.xml:15:9-31:20
	android:name
		ADDED from src/main/AndroidManifest.xml:15:19-47
intent-filter#action:name:android.intent.action.MAIN+category:name:android.intent.category.LAUNCHER
ADDED from src/main/AndroidManifest.xml:16:13-20:29
action#android.intent.action.MAIN
ADDED from src/main/AndroidManifest.xml:17:17-68
	android:name
		ADDED from src/main/AndroidManifest.xml:17:25-66
category#android.intent.category.LAUNCHER
ADDED from src/main/AndroidManifest.xml:19:17-76
	android:name
		ADDED from src/main/AndroidManifest.xml:19:27-74
intent-filter#action:name:android.intent.action.VIEW+category:name:android.intent.category.BROWSABLE+category:name:android.intent.category.DEFAULT+data:host:@string/intent_host+data:scheme:@string/intent_scheme
ADDED from src/main/AndroidManifest.xml:21:13-30:29
action#android.intent.action.VIEW
ADDED from src/main/AndroidManifest.xml:22:17-68
	android:name
		ADDED from src/main/AndroidManifest.xml:22:25-66
category#android.intent.category.DEFAULT
ADDED from src/main/AndroidManifest.xml:24:17-75
	android:name
		ADDED from src/main/AndroidManifest.xml:24:27-73
category#android.intent.category.BROWSABLE
ADDED from src/main/AndroidManifest.xml:25:17-77
	android:name
		ADDED from src/main/AndroidManifest.xml:25:27-75
data
ADDED from src/main/AndroidManifest.xml:27:17-29:65
	android:host
		ADDED from src/main/AndroidManifest.xml:28:25-59
	android:scheme
		ADDED from src/main/AndroidManifest.xml:29:25-63
uses-sdk
INJECTED from src/main/AndroidManifest.xml reason: use-sdk injection requested
INJECTED from src/main/AndroidManifest.xml
INJECTED from src/main/AndroidManifest.xml
MERGED from [com.squareup.leakcanary:leakcanary-android:2.0-beta-3] AndroidManifest.xml:20:5-44
MERGED from [com.squareup.leakcanary:leakcanary-android:2.0-beta-3] AndroidManifest.xml:20:5-44
MERGED from [androidx.constraintlayout:constraintlayout:2.0.0-beta3] AndroidManifest.xml:5:5-7:41
MERGED from [androidx.constraintlayout:constraintlayout:2.0.0-beta3] AndroidManifest.xml:5:5-7:41
MERGED from [com.google.android.material:material:1.2.0-alpha01] AndroidManifest.xml:20:5-44
MERGED from [com.google.android.material:material:1.2.0-alpha01] AndroidManifest.xml:20:5-44
MERGED from [androidx.appcompat:appcompat:1.1.0] AndroidManifest.xml:20:5-22:41
MERGED from [androidx.appcompat:appcompat:1.1.0] AndroidManifest.xml:20:5-22:41
MERGED from [androidx.lifecycle:lifecycle-extensions:2.2.0-rc01] AndroidManifest.xml:20:5-22:41
MERGED from [androidx.lifecycle:lifecycle-extensions:2.2.0-rc01] AndroidManifest.xml:20:5-22:41
MERGED from [androidx.viewpager2:viewpager2:1.0.0-beta05] AndroidManifest.xml:20:5-22:41
MERGED from [androidx.viewpager2:viewpager2:1.0.0-beta05] AndroidManifest.xml:20:5-22:41
MERGED from [androidx.fragment:fragment:1.2.0-rc01] AndroidManifest.xml:20:5-22:41
MERGED from [androidx.fragment:fragment:1.2.0-rc01] AndroidManifest.xml:20:5-22:41
MERGED from [androidx.core:core-ktx:1.2.0-beta02] AndroidManifest.xml:5:5-7:41
MERGED from [androidx.core:core-ktx:1.2.0-beta02] AndroidManifest.xml:5:5-7:41
MERGED from [com.github.woxthebox:draglistview:1.6.6] AndroidManifest.xml:22:5-24:41
MERGED from [com.github.woxthebox:draglistview:1.6.6] AndroidManifest.xml:22:5-24:41
MERGED from [androidx.recyclerview:recyclerview:1.1.0-rc01] AndroidManifest.xml:20:5-22:41
MERGED from [androidx.recyclerview:recyclerview:1.1.0-rc01] AndroidManifest.xml:20:5-22:41
MERGED from [androidx.gridlayout:gridlayout:1.0.0] AndroidManifest.xml:20:5-44
MERGED from [androidx.gridlayout:gridlayout:1.0.0] AndroidManifest.xml:20:5-44
MERGED from [io.reactivex.rxjava2:rxandroid:2.1.1] AndroidManifest.xml:18:5-43
MERGED from [io.reactivex.rxjava2:rxandroid:2.1.1] AndroidManifest.xml:18:5-43
MERGED from [com.facebook.stetho:stetho-okhttp3:1.5.1] AndroidManifest.xml:7:5-9:41
MERGED from [com.facebook.stetho:stetho-okhttp3:1.5.1] AndroidManifest.xml:7:5-9:41
MERGED from [androidx.lifecycle:lifecycle-viewmodel-ktx:2.2.0-rc01] AndroidManifest.xml:20:5-22:41
MERGED from [androidx.lifecycle:lifecycle-viewmodel-ktx:2.2.0-rc01] AndroidManifest.xml:20:5-22:41
MERGED from [androidx.legacy:legacy-support-core-ui:1.0.0] AndroidManifest.xml:20:5-44
MERGED from [androidx.legacy:legacy-support-core-ui:1.0.0] AndroidManifest.xml:20:5-44
MERGED from [androidx.legacy:legacy-support-core-utils:1.0.0] AndroidManifest.xml:20:5-44
MERGED from [androidx.legacy:legacy-support-core-utils:1.0.0] AndroidManifest.xml:20:5-44
MERGED from [androidx.loader:loader:1.0.0] AndroidManifest.xml:20:5-44
MERGED from [androidx.loader:loader:1.0.0] AndroidManifest.xml:20:5-44
MERGED from [androidx.lifecycle:lifecycle-livedata:2.2.0-rc01] AndroidManifest.xml:20:5-22:41
MERGED from [androidx.lifecycle:lifecycle-livedata:2.2.0-rc01] AndroidManifest.xml:20:5-22:41
MERGED from [com.squareup.leakcanary:leakcanary-android-core:2.0-beta-3] AndroidManifest.xml:20:5-44
MERGED from [com.squareup.leakcanary:leakcanary-android-core:2.0-beta-3] AndroidManifest.xml:20:5-44
MERGED from [com.squareup.leakcanary:leakcanary-object-watcher-android-androidx:2.0-beta-3] AndroidManifest.xml:5:5-44
MERGED from [com.squareup.leakcanary:leakcanary-object-watcher-android-androidx:2.0-beta-3] AndroidManifest.xml:5:5-44
MERGED from [com.squareup.leakcanary:leakcanary-object-watcher-android:2.0-beta-3] AndroidManifest.xml:5:5-44
MERGED from [com.squareup.leakcanary:leakcanary-object-watcher-android:2.0-beta-3] AndroidManifest.xml:5:5-44
MERGED from [androidx.cursoradapter:cursoradapter:1.0.0] AndroidManifest.xml:20:5-44
MERGED from [androidx.cursoradapter:cursoradapter:1.0.0] AndroidManifest.xml:20:5-44
MERGED from [androidx.appcompat:appcompat-resources:1.1.0] AndroidManifest.xml:20:5-22:41
MERGED from [androidx.appcompat:appcompat-resources:1.1.0] AndroidManifest.xml:20:5-22:41
MERGED from [androidx.drawerlayout:drawerlayout:1.0.0] AndroidManifest.xml:20:5-44
MERGED from [androidx.drawerlayout:drawerlayout:1.0.0] AndroidManifest.xml:20:5-44
MERGED from [androidx.viewpager:viewpager:1.0.0] AndroidManifest.xml:20:5-44
MERGED from [androidx.viewpager:viewpager:1.0.0] AndroidManifest.xml:20:5-44
MERGED from [androidx.activity:activity:1.1.0-rc01] AndroidManifest.xml:20:5-22:41
MERGED from [androidx.activity:activity:1.1.0-rc01] AndroidManifest.xml:20:5-22:41
MERGED from [androidx.coordinatorlayout:coordinatorlayout:1.1.0-beta01] AndroidManifest.xml:20:5-22:41
MERGED from [androidx.coordinatorlayout:coordinatorlayout:1.1.0-beta01] AndroidManifest.xml:20:5-22:41
MERGED from [androidx.slidingpanelayout:slidingpanelayout:1.0.0] AndroidManifest.xml:20:5-44
MERGED from [androidx.slidingpanelayout:slidingpanelayout:1.0.0] AndroidManifest.xml:20:5-44
MERGED from [androidx.customview:customview:1.0.0] AndroidManifest.xml:20:5-44
MERGED from [androidx.customview:customview:1.0.0] AndroidManifest.xml:20:5-44
MERGED from [androidx.transition:transition:1.2.0] AndroidManifest.xml:20:5-22:41
MERGED from [androidx.transition:transition:1.2.0] AndroidManifest.xml:20:5-22:41
MERGED from [androidx.vectordrawable:vectordrawable-animated:1.1.0] AndroidManifest.xml:20:5-22:41
MERGED from [androidx.vectordrawable:vectordrawable-animated:1.1.0] AndroidManifest.xml:20:5-22:41
MERGED from [androidx.vectordrawable:vectordrawable:1.1.0] AndroidManifest.xml:20:5-22:41
MERGED from [androidx.vectordrawable:vectordrawable:1.1.0] AndroidManifest.xml:20:5-22:41
MERGED from [androidx.swiperefreshlayout:swiperefreshlayout:1.0.0] AndroidManifest.xml:20:5-44
MERGED from [androidx.swiperefreshlayout:swiperefreshlayout:1.0.0] AndroidManifest.xml:20:5-44
MERGED from [androidx.asynclayoutinflater:asynclayoutinflater:1.0.0] AndroidManifest.xml:20:5-44
MERGED from [androidx.asynclayoutinflater:asynclayoutinflater:1.0.0] AndroidManifest.xml:20:5-44
MERGED from [androidx.core:core:1.2.0-beta02] AndroidManifest.xml:20:5-22:41
MERGED from [androidx.core:core:1.2.0-beta02] AndroidManifest.xml:20:5-22:41
MERGED from [androidx.versionedparcelable:versionedparcelable:1.1.0] AndroidManifest.xml:20:5-22:41
MERGED from [androidx.versionedparcelable:versionedparcelable:1.1.0] AndroidManifest.xml:20:5-22:41
MERGED from [androidx.lifecycle:lifecycle-viewmodel-savedstate:1.0.0-rc01] AndroidManifest.xml:20:5-22:41
MERGED from [androidx.lifecycle:lifecycle-viewmodel-savedstate:1.0.0-rc01] AndroidManifest.xml:20:5-22:41
MERGED from [androidx.lifecycle:lifecycle-viewmodel:2.2.0-rc01] AndroidManifest.xml:20:5-22:41
MERGED from [androidx.lifecycle:lifecycle-viewmodel:2.2.0-rc01] AndroidManifest.xml:20:5-22:41
MERGED from [androidx.cardview:cardview:1.0.0] AndroidManifest.xml:20:5-44
MERGED from [androidx.cardview:cardview:1.0.0] AndroidManifest.xml:20:5-44
MERGED from [com.facebook.stetho:stetho:1.5.1] AndroidManifest.xml:7:5-9:41
MERGED from [com.facebook.stetho:stetho:1.5.1] AndroidManifest.xml:7:5-9:41
MERGED from [androidx.lifecycle:lifecycle-process:2.2.0-rc01] AndroidManifest.xml:20:5-22:41
MERGED from [androidx.lifecycle:lifecycle-process:2.2.0-rc01] AndroidManifest.xml:20:5-22:41
MERGED from [androidx.lifecycle:lifecycle-service:2.2.0-rc01] AndroidManifest.xml:20:5-22:41
MERGED from [androidx.lifecycle:lifecycle-service:2.2.0-rc01] AndroidManifest.xml:20:5-22:41
MERGED from [androidx.lifecycle:lifecycle-runtime:2.2.0-rc01] AndroidManifest.xml:20:5-22:41
MERGED from [androidx.lifecycle:lifecycle-runtime:2.2.0-rc01] AndroidManifest.xml:20:5-22:41
MERGED from [androidx.lifecycle:lifecycle-livedata-core:2.2.0-rc01] AndroidManifest.xml:20:5-22:41
MERGED from [androidx.lifecycle:lifecycle-livedata-core:2.2.0-rc01] AndroidManifest.xml:20:5-22:41
MERGED from [androidx.arch.core:core-runtime:2.1.0] AndroidManifest.xml:20:5-22:41
MERGED from [androidx.arch.core:core-runtime:2.1.0] AndroidManifest.xml:20:5-22:41
MERGED from [androidx.savedstate:savedstate:1.0.0] AndroidManifest.xml:20:5-22:41
MERGED from [androidx.savedstate:savedstate:1.0.0] AndroidManifest.xml:20:5-22:41
MERGED from [androidx.interpolator:interpolator:1.0.0] AndroidManifest.xml:20:5-44
MERGED from [androidx.interpolator:interpolator:1.0.0] AndroidManifest.xml:20:5-44
MERGED from [androidx.documentfile:documentfile:1.0.0] AndroidManifest.xml:20:5-44
MERGED from [androidx.documentfile:documentfile:1.0.0] AndroidManifest.xml:20:5-44
MERGED from [androidx.localbroadcastmanager:localbroadcastmanager:1.0.0] AndroidManifest.xml:20:5-44
MERGED from [androidx.localbroadcastmanager:localbroadcastmanager:1.0.0] AndroidManifest.xml:20:5-44
MERGED from [androidx.print:print:1.0.0] AndroidManifest.xml:20:5-44
MERGED from [androidx.print:print:1.0.0] AndroidManifest.xml:20:5-44
INJECTED from src/main/AndroidManifest.xml
INJECTED from src/main/AndroidManifest.xml
	android:targetSdkVersion
		INJECTED from src/main/AndroidManifest.xml
		ADDED from src/main/AndroidManifest.xml
		INJECTED from src/main/AndroidManifest.xml
	android:minSdkVersion
		INJECTED from src/main/AndroidManifest.xml
		ADDED from src/main/AndroidManifest.xml
		INJECTED from src/main/AndroidManifest.xml
service#leakcanary.internal.HeapAnalyzerService
ADDED from [com.squareup.leakcanary:leakcanary-android:2.0-beta-3] AndroidManifest.xml:23:9-29:19
	android:exported
		ADDED from [com.squareup.leakcanary:leakcanary-android:2.0-beta-3] AndroidManifest.xml:25:13-37
	android:name
		ADDED from [com.squareup.leakcanary:leakcanary-android:2.0-beta-3] AndroidManifest.xml:24:13-67
intent-filter#action:name:leakcanary.ANALYSIS_ACTION
ADDED from [com.squareup.leakcanary:leakcanary-android:2.0-beta-3] AndroidManifest.xml:26:13-28:29
action#leakcanary.ANALYSIS_ACTION
ADDED from [com.squareup.leakcanary:leakcanary-android:2.0-beta-3] AndroidManifest.xml:27:17-69
	android:name
		ADDED from [com.squareup.leakcanary:leakcanary-android:2.0-beta-3] AndroidManifest.xml:27:25-66
uses-permission#android.permission.READ_EXTERNAL_STORAGE
ADDED from [com.squareup.leakcanary:leakcanary-android-core:2.0-beta-3] AndroidManifest.xml:23:5-80
	android:name
		ADDED from [com.squareup.leakcanary:leakcanary-android-core:2.0-beta-3] AndroidManifest.xml:23:22-77
uses-permission#android.permission.WRITE_EXTERNAL_STORAGE
ADDED from [com.squareup.leakcanary:leakcanary-android-core:2.0-beta-3] AndroidManifest.xml:24:5-81
	android:name
		ADDED from [com.squareup.leakcanary:leakcanary-android-core:2.0-beta-3] AndroidManifest.xml:24:22-78
uses-permission#android.permission.FOREGROUND_SERVICE
ADDED from [com.squareup.leakcanary:leakcanary-android-core:2.0-beta-3] AndroidManifest.xml:26:5-77
	android:name
		ADDED from [com.squareup.leakcanary:leakcanary-android-core:2.0-beta-3] AndroidManifest.xml:26:22-74
provider#leakcanary.internal.LeakCanaryFileProvider
ADDED from [com.squareup.leakcanary:leakcanary-android-core:2.0-beta-3] AndroidManifest.xml:29:9-37:20
	android:grantUriPermissions
		ADDED from [com.squareup.leakcanary:leakcanary-android-core:2.0-beta-3] AndroidManifest.xml:33:13-47
	android:authorities
		ADDED from [com.squareup.leakcanary:leakcanary-android-core:2.0-beta-3] AndroidManifest.xml:31:13-88
	android:exported
		ADDED from [com.squareup.leakcanary:leakcanary-android-core:2.0-beta-3] AndroidManifest.xml:32:13-37
	android:name
		ADDED from [com.squareup.leakcanary:leakcanary-android-core:2.0-beta-3] AndroidManifest.xml:30:13-70
meta-data#android.support.FILE_PROVIDER_PATHS
ADDED from [com.squareup.leakcanary:leakcanary-android-core:2.0-beta-3] AndroidManifest.xml:34:13-36:66
	android:resource
		ADDED from [com.squareup.leakcanary:leakcanary-android-core:2.0-beta-3] AndroidManifest.xml:36:17-63
	android:name
		ADDED from [com.squareup.leakcanary:leakcanary-android-core:2.0-beta-3] AndroidManifest.xml:35:17-67
activity#leakcanary.internal.activity.LeakActivity
ADDED from [com.squareup.leakcanary:leakcanary-android-core:2.0-beta-3] AndroidManifest.xml:39:9-44:66
	android:label
		ADDED from [com.squareup.leakcanary:leakcanary-android-core:2.0-beta-3] AndroidManifest.xml:42:13-71
	android:icon
		ADDED from [com.squareup.leakcanary:leakcanary-android-core:2.0-beta-3] AndroidManifest.xml:41:13-52
	android:theme
		ADDED from [com.squareup.leakcanary:leakcanary-android-core:2.0-beta-3] AndroidManifest.xml:44:13-63
	android:taskAffinity
		ADDED from [com.squareup.leakcanary:leakcanary-android-core:2.0-beta-3] AndroidManifest.xml:43:13-76
	android:name
		ADDED from [com.squareup.leakcanary:leakcanary-android-core:2.0-beta-3] AndroidManifest.xml:40:13-69
activity-alias#leakcanary.internal.activity.LeakLauncherActivity
ADDED from [com.squareup.leakcanary:leakcanary-android-core:2.0-beta-3] AndroidManifest.xml:46:9-59:26
	android:enabled
		ADDED from [com.squareup.leakcanary:leakcanary-android-core:2.0-beta-3] AndroidManifest.xml:48:13-66
	android:label
		ADDED from [com.squareup.leakcanary:leakcanary-android-core:2.0-beta-3] AndroidManifest.xml:50:13-71
	android:targetActivity
		ADDED from [com.squareup.leakcanary:leakcanary-android-core:2.0-beta-3] AndroidManifest.xml:51:13-79
	android:icon
		ADDED from [com.squareup.leakcanary:leakcanary-android-core:2.0-beta-3] AndroidManifest.xml:49:13-52
	android:theme
		ADDED from [com.squareup.leakcanary:leakcanary-android-core:2.0-beta-3] AndroidManifest.xml:53:13-63
	android:taskAffinity
		ADDED from [com.squareup.leakcanary:leakcanary-android-core:2.0-beta-3] AndroidManifest.xml:52:13-76
	android:name
		ADDED from [com.squareup.leakcanary:leakcanary-android-core:2.0-beta-3] AndroidManifest.xml:47:13-77
activity#leakcanary.internal.RequestStoragePermissionActivity
ADDED from [com.squareup.leakcanary:leakcanary-android-core:2.0-beta-3] AndroidManifest.xml:61:9-67:68
	android:label
		ADDED from [com.squareup.leakcanary:leakcanary-android-core:2.0-beta-3] AndroidManifest.xml:65:13-82
	android:excludeFromRecents
		ADDED from [com.squareup.leakcanary:leakcanary-android-core:2.0-beta-3] AndroidManifest.xml:63:13-46
	android:icon
		ADDED from [com.squareup.leakcanary:leakcanary-android-core:2.0-beta-3] AndroidManifest.xml:64:13-52
	android:theme
		ADDED from [com.squareup.leakcanary:leakcanary-android-core:2.0-beta-3] AndroidManifest.xml:67:13-65
	android:taskAffinity
		ADDED from [com.squareup.leakcanary:leakcanary-android-core:2.0-beta-3] AndroidManifest.xml:66:13-76
	android:name
		ADDED from [com.squareup.leakcanary:leakcanary-android-core:2.0-beta-3] AndroidManifest.xml:62:13-80
receiver#leakcanary.internal.NotificationReceiver
ADDED from [com.squareup.leakcanary:leakcanary-android-core:2.0-beta-3] AndroidManifest.xml:69:9-77
	android:name
		ADDED from [com.squareup.leakcanary:leakcanary-android-core:2.0-beta-3] AndroidManifest.xml:69:19-74
provider#leakcanary.internal.AppWatcherInstaller
ADDED from [com.squareup.leakcanary:leakcanary-object-watcher-android:2.0-beta-3] AndroidManifest.xml:8:9-11:40
	android:authorities
		ADDED from [com.squareup.leakcanary:leakcanary-object-watcher-android:2.0-beta-3] AndroidManifest.xml:10:13-72
	android:exported
		ADDED from [com.squareup.leakcanary:leakcanary-object-watcher-android:2.0-beta-3] AndroidManifest.xml:11:13-37
	android:name
		ADDED from [com.squareup.leakcanary:leakcanary-object-watcher-android:2.0-beta-3] AndroidManifest.xml:9:13-67
provider#androidx.lifecycle.ProcessLifecycleOwnerInitializer
ADDED from [androidx.lifecycle:lifecycle-process:2.2.0-rc01] AndroidManifest.xml:25:9-29:43
	android:authorities
		ADDED from [androidx.lifecycle:lifecycle-process:2.2.0-rc01] AndroidManifest.xml:27:13-69
	android:multiprocess
		ADDED from [androidx.lifecycle:lifecycle-process:2.2.0-rc01] AndroidManifest.xml:29:13-40
	android:exported
		ADDED from [androidx.lifecycle:lifecycle-process:2.2.0-rc01] AndroidManifest.xml:28:13-37
	android:name
		ADDED from [androidx.lifecycle:lifecycle-process:2.2.0-rc01] AndroidManifest.xml:26:13-79